[Thread-4] WEBORB INFO:04.08.2010 8:58:19:shutting down WebORB Message Server
[Thread-4] WEBORB EXCEPTION:04.08.2010 8:58:19:System.Net.Sockets.SocketException: Запрос на отправку или получение данных  (when sending on a datagram socket using a sendto call) no address was supplied
   at System.Net.Sockets.Socket.Shutdown(SocketShutdown how)
   at Weborb.Messaging.RTMPServer.shutdown()
[Thread-9] WEBORB EXCEPTION:04.08.2010 8:58:20:System.Net.Sockets.SocketException: Операция блокирования прервана вызовом WSACancelBlockingCall
   at System.Net.Sockets.Socket.Accept()
   at Weborb.Messaging.RTMPServer.run()
[Thread-4] WEBORB EXCEPTION:04.08.2010 8:58:20:System.ObjectDisposedException: Cannot access a disposed object.
Object name: 'System.Net.Sockets.Socket'.
   at System.Net.Sockets.Socket.Disconnect(Boolean reuseSocket)
   at Weborb.Messaging.RTMPServer.shutdown()
[Thread-4] WEBORB INFO:04.08.2010 15:14:38:loading type: Weborb.Management.ServiceBrowser.Browser.AssemblyBrowser
[Thread-4] WEBORB INFO:04.08.2010 15:14:38:loading type: Weborb.Management.ServiceBrowser.Browser.AssemblyBrowser
[Thread-4] WEBORB INFO:04.08.2010 15:14:38:loading type: Weborb.Management.ServiceBrowser.Browser.WCFBrowser
[Thread-4] WEBORB INFO:04.08.2010 15:14:38:loading type: Weborb.Management.ServiceBrowser.Browser.WCFBrowser
[Thread-4] WEBORB INFO:04.08.2010 15:14:38:loading type: Weborb.Management.ServiceBrowser.Browser.WebServiceBrowser
[Thread-4] WEBORB INFO:04.08.2010 15:14:38:loading type: Weborb.Management.ServiceBrowser.Browser.WebServiceBrowser
[Thread-4] WEBORB INFO:04.08.2010 15:14:38:loading type: Weborb.Writer.EnumerationWriter
[Thread-4] WEBORB INFO:04.08.2010 15:14:38:loading type: NHibernate.Proxy.INHibernateProxy
[Thread-4] WEBORB INFO:04.08.2010 15:14:39:loading type: Weborb.Management.CodeGen.AjaxGeneratorExtension
[Thread-4] WEBORB INFO:04.08.2010 15:14:39:loading type: Weborb.Management.CodeGen.SilverlightCSGeneratorExtension
[Thread-4] WEBORB INFO:04.08.2010 15:14:39:loading type: Weborb.Management.CodeGen.SilverlightVBGeneratorExtension
[Thread-4] WEBORB INFO:04.08.2010 15:14:39:loading type: System.Int32&
[Thread-4] WEBORB INFO:04.08.2010 15:14:39:loading type: System.DateTime&
[Thread-4] WEBORB INFO:04.08.2010 15:14:39:loading type: System.Array
[Thread-4] WEBORB INFO:04.08.2010 15:14:39:loading type: System.Int32&
[Thread-4] WEBORB INFO:04.08.2010 15:14:39:loading type: System.DateTime&
[Thread-4] WEBORB INFO:04.08.2010 15:14:39:loading type: System.Array
[Thread-4] WEBORB INFO:04.08.2010 15:14:39:loading type: Weborb.Protocols.Wolf.RequestParser
[Thread-4] WEBORB INFO:04.08.2010 15:14:39:loading type: Weborb.Protocols.Amf.RequestParser
[Thread-4] WEBORB INFO:04.08.2010 15:14:39:loading type: Weborb.Inspection.ArgumentDescriptor
[Thread-4] WEBORB INFO:04.08.2010 15:14:39:loading type: Weborb.Inspection.MethodDescriptor
[Thread-4] WEBORB INFO:04.08.2010 15:14:39:loading type: Weborb.Inspection.ServiceDescriptor
[Thread-4] WEBORB INFO:04.08.2010 15:14:39:loading type: Weborb.Reader.Dataset.DataSetInfo
[Thread-4] WEBORB INFO:04.08.2010 15:14:39:loading type: System.Object
[Thread-4] WEBORB INFO:04.08.2010 15:14:39:loading type: Weborb.V3Types.AsyncMessage
[Thread-4] WEBORB INFO:04.08.2010 15:14:39:loading type: Weborb.V3Types.CommandMessage
[Thread-4] WEBORB INFO:04.08.2010 15:14:39:loading type: Weborb.V3Types.ReqMessage
[Thread-4] WEBORB INFO:04.08.2010 15:14:39:loading type: Weborb.V3Types.AckMessage
[Thread-4] WEBORB INFO:04.08.2010 15:14:39:loading type: Weborb.V3Types.DataMessage
[Thread-4] WEBORB INFO:04.08.2010 15:14:39:loading type: Weborb.V3Types.PagedMessage
[Thread-4] WEBORB INFO:04.08.2010 15:14:39:loading type: Weborb.V3Types.SeqMessage
[Thread-4] WEBORB INFO:04.08.2010 15:14:39:loading type: Weborb.V3Types.ErrMessage
[Thread-4] WEBORB INFO:04.08.2010 15:14:39:loading type: Weborb.V3Types.ErrDataMessage
[Thread-4] WEBORB INFO:04.08.2010 15:14:39:loading type: Weborb.V3Types.UpdateCollMessage
[Thread-4] WEBORB INFO:04.08.2010 15:14:39:loading type: Weborb.V3Types.UpdateCollRange
[Thread-4] WEBORB INFO:04.08.2010 15:14:39:loading type: Weborb.Util.ObjectProxy
[Thread-4] WEBORB INFO:04.08.2010 15:14:39:loading type: Weborb.Util.ObjectProxy
[Thread-4] WEBORB INFO:04.08.2010 15:14:39:loading type: Weborb.Management.CodeGen.CodegenFormat
[Thread-4] WEBORB INFO:04.08.2010 15:14:39:loading type: Weborb.Activation.RequestActivator
[Thread-4] WEBORB INFO:04.08.2010 15:14:39:loading type: Weborb.Activation.SessionActivator
[Thread-4] WEBORB INFO:04.08.2010 15:14:39:loading type: Weborb.Activation.ApplicationActivator
[Thread-4] WEBORB INFO:04.08.2010 15:14:39:loading type: Weborb.Handler.ObjectHandler
[Thread-4] WEBORB INFO:04.08.2010 15:14:39:Registering inspection handler - Object Handler
[Thread-4] WEBORB INFO:04.08.2010 15:14:39:loading type: Weborb.Handler.WebServiceHandler
[Thread-4] WEBORB INFO:04.08.2010 15:14:39:Registering inspection handler - .Net Web Services Handler
[Thread-4] WEBORB INFO:04.08.2010 15:14:39:loading type: Weborb.Handler.WCFObjectHandler
[Thread-4] WEBORB INFO:04.08.2010 15:14:39:Registering invocation handler - WCF Object Handler
[Thread-4] WEBORB INFO:04.08.2010 15:14:39:loading type: Weborb.Handler.ObjectHandler
[Thread-4] WEBORB INFO:04.08.2010 15:14:39:Registering invocation handler - Object Handler
[Thread-4] WEBORB INFO:04.08.2010 15:14:39:loading type: Weborb.Handler.WebServiceHandler
[Thread-4] WEBORB INFO:04.08.2010 15:14:39:Registering invocation handler - .Net Web Services Handler
[Thread-4] WEBORB INFO:04.08.2010 15:14:39:loading type: Weborb.Security.ORBSecurityFactory
[Thread-4] WEBORB INFO:04.08.2010 15:14:39:loading type: Weborb.Management.Security.SecurityRestrictionArgFactory
[Thread-4] WEBORB INFO:04.08.2010 15:14:39:loading type: Weborb.V3Types.BodyHolderFactory
[Thread-4] WEBORB INFO:04.08.2010 15:14:39:loading type: Weborb.Service.ArrayUpdateDataObjectFactory
[Thread-4] WEBORB INFO:04.08.2010 15:14:39:loading type: Weborb.Management.Configuration.Logging.LoggingPolicyArgFactory
[Thread-4] WEBORB INFO:04.08.2010 15:14:39:loading type: Weborb.Examples.ArgumentFactory
[Thread-4] WEBORB INFO:04.08.2010 15:14:39:loading type: System.Collections.ICollection
[Thread-4] WEBORB INFO:04.08.2010 15:14:39:loading type: System.Collections.ArrayList
[Thread-4] WEBORB INFO:04.08.2010 15:14:39:loading type: System.Collections.IList
[Thread-4] WEBORB INFO:04.08.2010 15:14:39:loading type: System.Collections.ArrayList
[Thread-4] WEBORB INFO:04.08.2010 15:14:39:loading type: System.Collections.IDictionary
[Thread-4] WEBORB INFO:04.08.2010 15:14:39:loading type: System.Collections.Hashtable
[Thread-4] WEBORB INFO:04.08.2010 15:14:39:loading type: System.Collections.Generic.IList`1
[Thread-4] WEBORB INFO:04.08.2010 15:14:39:loading type: System.Collections.Generic.List`1
[Thread-4] WEBORB INFO:04.08.2010 15:14:39:loading type: Weborb.Messaging.Channel.SubscriberInfoWriter
[Thread-4] WEBORB INFO:04.08.2010 15:14:39:loading type: Weborb.Messaging.Channel.SubscriberInfo
[Thread-4] WEBORB INFO:04.08.2010 15:14:39:loading type: Weborb.Messaging.Channel.SubscribersEventWriter
[Thread-4] WEBORB INFO:04.08.2010 15:14:39:loading type: Weborb.Messaging.Channel.SubscribersEvent
[Thread-4] WEBORB INFO:04.08.2010 15:14:39:loading type: Weborb.V3Types.BodyHolderWriter
[Thread-4] WEBORB INFO:04.08.2010 15:14:39:loading type: Weborb.V3Types.BodyHolder
[Thread-4] WEBORB INFO:04.08.2010 15:14:39:loading type: Weborb.Messaging.Net.RTMP.Status.StatusObjectWriter
[Thread-4] WEBORB INFO:04.08.2010 15:14:39:loading type: Weborb.Messaging.Net.RTMP.Status.StatusObject
[Thread-4] WEBORB INFO:04.08.2010 15:14:39:loading type: Weborb.Security.WebORBAuthorizationHandler
[Thread-4] WEBORB INFO:04.08.2010 15:14:39:loading type: Weborb.Security.WebORBAuthenticationHandler
[Thread-4] WEBORB INFO:04.08.2010 15:14:39:loading type: Weborb.Security.WebORBRolesProvider
[Thread-4] WEBORB INFO:04.08.2010 15:14:39:loading type: Weborb.V3Types.Core.RemotingHandler
[Thread-4] WEBORB INFO:04.08.2010 15:14:39:Registered Flex Remoting destination - computerinfo
[Thread-4] WEBORB INFO:04.08.2010 15:14:39:Registered Flex Remoting destination - autoupdater
[Thread-4] WEBORB INFO:04.08.2010 15:14:39:Registered Flex Remoting destination - ApplicationManager
[Thread-4] WEBORB INFO:04.08.2010 15:14:39:Registered Flex Remoting destination - WeborbSecurity
[Thread-4] WEBORB INFO:04.08.2010 15:14:39:Registered Flex Remoting destination - WeborbManagement
[Thread-4] WEBORB INFO:04.08.2010 15:14:39:Registered Flex Remoting destination - WeborbConfiguration
[Thread-4] WEBORB INFO:04.08.2010 15:14:39:Registered Flex Remoting destination - DataQueryService
[Thread-4] WEBORB INFO:04.08.2010 15:14:39:Registered Flex Remoting destination - SecureTest
[Thread-4] WEBORB INFO:04.08.2010 15:14:39:Registered Flex Remoting destination - AccountBalanceDestination
[Thread-4] WEBORB INFO:04.08.2010 15:14:39:Registered Flex Remoting destination - WDMFCodeGen
[Thread-4] WEBORB INFO:04.08.2010 15:14:39:Registered Flex Remoting destination - GenericDestination
[Thread-4] WEBORB INFO:04.08.2010 15:14:39:Registered Flex Remoting destination - BusinessIntelligenceDestination
[Thread-4] WEBORB INFO:04.08.2010 15:14:39:Registered Flex Remoting destination - SessionGenericDestination
[Thread-4] WEBORB INFO:04.08.2010 15:14:39:Registered Flex Remoting destination - SingletonGenericDestination
[Thread-4] WEBORB INFO:04.08.2010 15:14:39:loading type: Weborb.Messaging.PubSub.Memory.MessagingServiceHandler
[Thread-4] WEBORB INFO:04.08.2010 15:14:39:Registered Flex Messaging destination - MyTransientTopic
[Thread-4] WEBORB INFO:04.08.2010 15:14:39:Registered Flex Messaging destination - CounterReadings
[Thread-4] WEBORB INFO:04.08.2010 15:14:39:Registered Flex Messaging destination - ExampleDestination
[Thread-4] WEBORB INFO:04.08.2010 15:14:39:Registered Flex Messaging destination - mqpush
[Thread-4] WEBORB INFO:04.08.2010 15:14:39:Registered Flex Messaging destination - DataService
[Thread-4] WEBORB INFO:04.08.2010 15:14:39:loading type: Weborb.Messaging.PubSub.Memory.MessagingServiceHandler
[Thread-4] WEBORB INFO:04.08.2010 15:14:39:Initializing service handler for destination DataService. Service handler class - Weborb.Messaging.PubSub.Memory.MessagingServiceHandler
[Thread-4] WEBORB INFO:04.08.2010 15:14:39:loading type: Weborb.Messaging.PubSub.Memory.MemoryStoragePolicy
[Thread-4] WEBORB INFO:04.08.2010 15:14:39:loading type: Weborb.V3Types.Core.RemotingHandler
[Thread-4] WEBORB INFO:04.08.2010 15:14:39:Registered Flex Remoting destination - MessagingDestination
[Thread-4] WEBORB INFO:04.08.2010 15:14:39:Registered Flex Remoting destination - GenericAIRDestination
[Thread-4] WEBORB INFO:04.08.2010 15:14:39:adding child scope for - \DataService
[Thread-4] WEBORB INFO:04.08.2010 15:14:39:loading type: Weborb.Data.Management.DataService
[Thread-4] WEBORB INFO:04.08.2010 15:14:39:loading type: Weborb.Messaging.Server.Scheduling.Scheduler
[Thread-4] WEBORB INFO:04.08.2010 15:14:39:scope registered - \DataService
[Thread-4] WEBORB INFO:04.08.2010 15:14:39:adding child scope for - \DataServiceCodegen
[Thread-4] WEBORB INFO:04.08.2010 15:14:39:loading type: Weborb.Management.DataManagement.Codegen.AppHandler
[Thread-4] WEBORB INFO:04.08.2010 15:14:39:scope registered - \DataServiceCodegen
[Thread-4] WEBORB INFO:04.08.2010 15:14:39:adding child scope for - \default
[Thread-4] WEBORB INFO:04.08.2010 15:14:39:scope registered - \default
[Thread-4] WEBORB INFO:04.08.2010 15:14:39:adding child scope for - \MessagingService
[Thread-4] WEBORB INFO:04.08.2010 15:14:39:loading type: Weborb.Management.MessagingService
[Thread-4] WEBORB INFO:04.08.2010 15:14:39:scope registered - \MessagingService
[Thread-4] WEBORB INFO:04.08.2010 15:14:39:WebORB Messaging Server 4.0.0.0 Beta (c) 2003-2010 Midnight Coders, Inc
[Thread-4] WEBORB INFO:04.08.2010 15:14:39:is running - False
[Thread-4] WEBORB INFO:04.08.2010 15:14:39:Message server bound to 0.0.0.0:2037
[Thread-8] WEBORB INFO:04.08.2010 15:14:45:listening for connections
